<?xml version="1.0" encoding="UTF-8"?>
<!-- Generated by org.testng.reporters.JUnitXMLReporter -->
<testsuite ignored="0" hostname="LAPTOP-5VJ5O17R" failures="0" tests="2" name="ChromeTest" time="27.799" errors="0" timestamp="2023-02-16T02:41:29 IST">
  <testcase classname="com.facebook.TestPackage.TC01_LoginFunctionality" name="verifyTheLoginFunctionality" time="0.039"/>
  <testcase classname="com.facebook.TestPackage.TC02_LogOutFunctionality" name="verifyLogOutFunctionality" time="5.469"/>
</testsuite> <!-- ChromeTest -->
