<?xml version="1.0" encoding="UTF-8"?>
<!-- Generated by org.testng.reporters.JUnitXMLReporter -->
<testsuite ignored="0" hostname="LAPTOP-5VJ5O17R" failures="0" tests="2" name="FirefoxTest" time="41.824" errors="0" timestamp="2023-02-16T01:49:32 IST">
  <testcase classname="com.facebook.TestPackage.TC01_LoginFunctionality" name="verifyTheLoginFunctionality" time="0.08"/>
  <testcase classname="com.facebook.TestPackage.TC02_LogOutFunctionality" name="verifyLogOutFunctionality" time="5.39"/>
</testsuite> <!-- FirefoxTest -->
